[08:27:02] [main/INFO]: Setting user: Player681
[08:27:03] [Client thread/INFO]: LWJGL Version: 2.9.1
[08:27:11] [Client thread/INFO]: Reloading ResourceManager: Default, FMLFileResourcePack:Forge Mod Loader, FMLFileResourcePack:Minecraft Forge, FMLFileResourcePack:Example Mod
[08:27:12] [Sound Library Loader/INFO]: Sound engine started
[08:27:13] [Client thread/INFO]: Created: 16x16 textures/blocks-atlas
[08:27:13] [Client thread/INFO]: Created: 16x16 textures/items-atlas
[08:27:13] [Client thread/INFO]: Reloading ResourceManager: Default, FMLFileResourcePack:Forge Mod Loader, FMLFileResourcePack:Minecraft Forge, FMLFileResourcePack:Example Mod
[08:27:13] [Client thread/INFO]: Created: 512x256 textures/blocks-atlas
[08:27:13] [Client thread/INFO]: Created: 256x256 textures/items-atlas
[08:27:14] [Sound Library Loader/INFO]: Sound engine started
[08:27:25] [Server thread/INFO]: Starting integrated minecraft server version 1.7.10
[08:27:25] [Server thread/INFO]: Generating keypair
[08:27:25] [Server thread/INFO]: Preparing start region for level 0
[08:27:26] [Server thread/INFO]: Changing view distance to 12, from 10
[08:27:26] [Server thread/INFO]: Player681[local:E:e9735405] logged in with entity id 36 at (99.5, 4.0, 509.5)
[08:27:26] [Server thread/INFO]: Player681 joined the game
[08:27:28] [Server thread/INFO]: Saving and pausing game...
[08:27:28] [Server thread/INFO]: Saving chunks for level 'New World'/Overworld
[08:27:29] [Server thread/INFO]: Saving chunks for level 'New World'/Nether
[08:27:29] [Server thread/INFO]: Saving chunks for level 'New World'/The End
[08:27:35] [Server thread/INFO]: Player681 has just earned the achievement [Taking Inventory]
[08:27:35] [Client thread/INFO]: [CHAT] Player681 has just earned the achievement [Taking Inventory]
[08:27:57] [Server thread/INFO]: Saving and pausing game...
[08:27:58] [Server thread/INFO]: Saving chunks for level 'New World'/Overworld
[08:27:58] [Server thread/INFO]: Saving chunks for level 'New World'/Nether
[08:27:58] [Server thread/INFO]: Saving chunks for level 'New World'/The End
[08:28:04] [Client thread/INFO]: [CHAT] Saved screenshot as 2019-03-11_08.28.03.png
[08:28:05] [Client thread/ERROR]: Couldn't open link
java.lang.reflect.InvocationTargetException
	at sun.reflect.NativeMethodAccessorImpl.invoke0(Native Method) ~[?:1.8.0_201]
	at sun.reflect.NativeMethodAccessorImpl.invoke(NativeMethodAccessorImpl.java:62) ~[?:1.8.0_201]
	at sun.reflect.DelegatingMethodAccessorImpl.invoke(DelegatingMethodAccessorImpl.java:43) ~[?:1.8.0_201]
	at java.lang.reflect.Method.invoke(Method.java:498) ~[?:1.8.0_201]
	at net.minecraft.client.gui.GuiChat.func_146407_a(GuiChat.java:303) [GuiChat.class:?]
	at net.minecraft.client.gui.GuiChat.mouseClicked(GuiChat.java:245) [GuiChat.class:?]
	at net.minecraft.client.gui.GuiScreen.handleMouseInput(GuiScreen.java:344) [GuiScreen.class:?]
	at net.minecraft.client.gui.GuiChat.handleMouseInput(GuiChat.java:169) [GuiChat.class:?]
	at net.minecraft.client.gui.GuiScreen.handleInput(GuiScreen.java:313) [GuiScreen.class:?]
	at net.minecraft.client.Minecraft.runTick(Minecraft.java:1731) [Minecraft.class:?]
	at net.minecraft.client.Minecraft.runGameLoop(Minecraft.java:1039) [Minecraft.class:?]
	at net.minecraft.client.Minecraft.run(Minecraft.java:962) [Minecraft.class:?]
	at net.minecraft.client.main.Main.main(Main.java:164) [Main.class:?]
	at sun.reflect.NativeMethodAccessorImpl.invoke0(Native Method) ~[?:1.8.0_201]
	at sun.reflect.NativeMethodAccessorImpl.invoke(NativeMethodAccessorImpl.java:62) ~[?:1.8.0_201]
	at sun.reflect.DelegatingMethodAccessorImpl.invoke(DelegatingMethodAccessorImpl.java:43) ~[?:1.8.0_201]
	at java.lang.reflect.Method.invoke(Method.java:498) ~[?:1.8.0_201]
	at net.minecraft.launchwrapper.Launch.launch(Launch.java:135) [launchwrapper-1.12.jar:?]
	at net.minecraft.launchwrapper.Launch.main(Launch.java:28) [launchwrapper-1.12.jar:?]
	at net.minecraftforge.gradle.GradleStartCommon.launch(Unknown Source) [start/:?]
	at GradleStart.main(Unknown Source) [start/:?]
Caused by: java.io.IOException: Failed to open file:/D:/colinl/Documents/GitHub/Corn%20Magic/eclipse/./screenshots/2019-03-11_08.28.03.png. Error message: The system cannot find the file specified.

	at sun.awt.windows.WDesktopPeer.ShellExecute(WDesktopPeer.java:90) ~[?:1.8.0_201]
	at sun.awt.windows.WDesktopPeer.browse(WDesktopPeer.java:76) ~[?:1.8.0_201]
	at java.awt.Desktop.browse(Desktop.java:385) ~[?:1.8.0_201]
	... 21 more
[08:28:09] [Client thread/ERROR]: Couldn't open link
java.lang.reflect.InvocationTargetException
	at sun.reflect.NativeMethodAccessorImpl.invoke0(Native Method) ~[?:1.8.0_201]
	at sun.reflect.NativeMethodAccessorImpl.invoke(NativeMethodAccessorImpl.java:62) ~[?:1.8.0_201]
	at sun.reflect.DelegatingMethodAccessorImpl.invoke(DelegatingMethodAccessorImpl.java:43) ~[?:1.8.0_201]
	at java.lang.reflect.Method.invoke(Method.java:498) ~[?:1.8.0_201]
	at net.minecraft.client.gui.GuiChat.func_146407_a(GuiChat.java:303) [GuiChat.class:?]
	at net.minecraft.client.gui.GuiChat.mouseClicked(GuiChat.java:245) [GuiChat.class:?]
	at net.minecraft.client.gui.GuiScreen.handleMouseInput(GuiScreen.java:344) [GuiScreen.class:?]
	at net.minecraft.client.gui.GuiChat.handleMouseInput(GuiChat.java:169) [GuiChat.class:?]
	at net.minecraft.client.gui.GuiScreen.handleInput(GuiScreen.java:313) [GuiScreen.class:?]
	at net.minecraft.client.Minecraft.runTick(Minecraft.java:1731) [Minecraft.class:?]
	at net.minecraft.client.Minecraft.runGameLoop(Minecraft.java:1039) [Minecraft.class:?]
	at net.minecraft.client.Minecraft.run(Minecraft.java:962) [Minecraft.class:?]
	at net.minecraft.client.main.Main.main(Main.java:164) [Main.class:?]
	at sun.reflect.NativeMethodAccessorImpl.invoke0(Native Method) ~[?:1.8.0_201]
	at sun.reflect.NativeMethodAccessorImpl.invoke(NativeMethodAccessorImpl.java:62) ~[?:1.8.0_201]
	at sun.reflect.DelegatingMethodAccessorImpl.invoke(DelegatingMethodAccessorImpl.java:43) ~[?:1.8.0_201]
	at java.lang.reflect.Method.invoke(Method.java:498) ~[?:1.8.0_201]
	at net.minecraft.launchwrapper.Launch.launch(Launch.java:135) [launchwrapper-1.12.jar:?]
	at net.minecraft.launchwrapper.Launch.main(Launch.java:28) [launchwrapper-1.12.jar:?]
	at net.minecraftforge.gradle.GradleStartCommon.launch(Unknown Source) [start/:?]
	at GradleStart.main(Unknown Source) [start/:?]
Caused by: java.io.IOException: Failed to open file:/D:/colinl/Documents/GitHub/Corn%20Magic/eclipse/./screenshots/2019-03-11_08.28.03.png. Error message: The system cannot find the file specified.

	at sun.awt.windows.WDesktopPeer.ShellExecute(WDesktopPeer.java:90) ~[?:1.8.0_201]
	at sun.awt.windows.WDesktopPeer.browse(WDesktopPeer.java:76) ~[?:1.8.0_201]
	at java.awt.Desktop.browse(Desktop.java:385) ~[?:1.8.0_201]
	... 21 more
[08:28:09] [Client thread/ERROR]: Couldn't open link
java.lang.reflect.InvocationTargetException
	at sun.reflect.NativeMethodAccessorImpl.invoke0(Native Method) ~[?:1.8.0_201]
	at sun.reflect.NativeMethodAccessorImpl.invoke(NativeMethodAccessorImpl.java:62) ~[?:1.8.0_201]
	at sun.reflect.DelegatingMethodAccessorImpl.invoke(DelegatingMethodAccessorImpl.java:43) ~[?:1.8.0_201]
	at java.lang.reflect.Method.invoke(Method.java:498) ~[?:1.8.0_201]
	at net.minecraft.client.gui.GuiChat.func_146407_a(GuiChat.java:303) [GuiChat.class:?]
	at net.minecraft.client.gui.GuiChat.mouseClicked(GuiChat.java:245) [GuiChat.class:?]
	at net.minecraft.client.gui.GuiScreen.handleMouseInput(GuiScreen.java:344) [GuiScreen.class:?]
	at net.minecraft.client.gui.GuiChat.handleMouseInput(GuiChat.java:169) [GuiChat.class:?]
	at net.minecraft.client.gui.GuiScreen.handleInput(GuiScreen.java:313) [GuiScreen.class:?]
	at net.minecraft.client.Minecraft.runTick(Minecraft.java:1731) [Minecraft.class:?]
	at net.minecraft.client.Minecraft.runGameLoop(Minecraft.java:1039) [Minecraft.class:?]
	at net.minecraft.client.Minecraft.run(Minecraft.java:962) [Minecraft.class:?]
	at net.minecraft.client.main.Main.main(Main.java:164) [Main.class:?]
	at sun.reflect.NativeMethodAccessorImpl.invoke0(Native Method) ~[?:1.8.0_201]
	at sun.reflect.NativeMethodAccessorImpl.invoke(NativeMethodAccessorImpl.java:62) ~[?:1.8.0_201]
	at sun.reflect.DelegatingMethodAccessorImpl.invoke(DelegatingMethodAccessorImpl.java:43) ~[?:1.8.0_201]
	at java.lang.reflect.Method.invoke(Method.java:498) ~[?:1.8.0_201]
	at net.minecraft.launchwrapper.Launch.launch(Launch.java:135) [launchwrapper-1.12.jar:?]
	at net.minecraft.launchwrapper.Launch.main(Launch.java:28) [launchwrapper-1.12.jar:?]
	at net.minecraftforge.gradle.GradleStartCommon.launch(Unknown Source) [start/:?]
	at GradleStart.main(Unknown Source) [start/:?]
Caused by: java.io.IOException: Failed to open file:/D:/colinl/Documents/GitHub/Corn%20Magic/eclipse/./screenshots/2019-03-11_08.28.03.png. Error message: The system cannot find the file specified.

	at sun.awt.windows.WDesktopPeer.ShellExecute(WDesktopPeer.java:90) ~[?:1.8.0_201]
	at sun.awt.windows.WDesktopPeer.browse(WDesktopPeer.java:76) ~[?:1.8.0_201]
	at java.awt.Desktop.browse(Desktop.java:385) ~[?:1.8.0_201]
	... 21 more
[08:28:16] [Server thread/INFO]: Saving and pausing game...
[08:28:16] [Server thread/INFO]: Saving chunks for level 'New World'/Overworld
[08:28:16] [Server thread/INFO]: Saving chunks for level 'New World'/Nether
[08:28:16] [Server thread/INFO]: Saving chunks for level 'New World'/The End
[08:28:16] [Server thread/INFO]: Stopping server
[08:28:16] [Server thread/INFO]: Saving players
[08:28:16] [Server thread/INFO]: Saving worlds
[08:28:16] [Server thread/INFO]: Saving chunks for level 'New World'/Overworld
[08:28:16] [Server thread/INFO]: Saving chunks for level 'New World'/Nether
[08:28:16] [Server thread/INFO]: Saving chunks for level 'New World'/The End
[08:28:17] [Client thread/INFO]: Stopping!
